Flow report for blck
Tue Sep 18 22:47:00 2018
Quartus II 32-bit Version 12.0 Build 263 08/02/2012 Service Pack 2 SJ Web Edition


---------------------
; Table of Contents ;
---------------------
  1. Legal Notice
  2. Flow Summary
  3. Flow Settings
  4. Flow Non-Default Global Settings
  5. Flow Elapsed Time
  6. Flow OS Summary
  7. Flow Log



----------------
; Legal Notice ;
----------------
Copyright (C) 1991-2012 Altera Corporation
Your use of Altera Corporation's design tools, logic functions 
and other software and tools, and its AMPP partner logic 
functions, and any output files from any of the foregoing 
(including device programming or simulation files), and any 
associated documentation or information are expressly subject 
to the terms and conditions of the Altera Program License 
Subscription Agreement, Altera MegaCore Function License 
Agreement, or other applicable license agreement, including, 
without limitation, that your use is for the sole purpose of 
programming logic devices manufactured by Altera and sold by 
Altera or its authorized distributors.  Please refer to the 
applicable agreement for further details.



+------------------------------------------------------------------------------------+
; Flow Summary                                                                       ;
+------------------------------------+-----------------------------------------------+
; Flow Status                        ; Successful - Tue Sep 18 22:47:00 2018         ;
; Quartus II 32-bit Version          ; 12.0 Build 263 08/02/2012 SP 2 SJ Web Edition ;
; Revision Name                      ; blck                                          ;
; Top-level Entity Name              ; blck                                          ;
; Family                             ; Cyclone II                                    ;
; Device                             ; EP2C70F672C6                                  ;
; Timing Models                      ; Final                                         ;
; Total logic elements               ; 8 / 68,416 ( < 1 % )                          ;
;     Total combinational functions  ; 0 / 68,416 ( 0 % )                            ;
;     Dedicated logic registers      ; 8 / 68,416 ( < 1 % )                          ;
; Total registers                    ; 8                                             ;
; Total pins                         ; 17 / 422 ( 4 % )                              ;
; Total virtual pins                 ; 0                                             ;
; Total memory bits                  ; 0 / 1,152,000 ( 0 % )                         ;
; Embedded Multiplier 9-bit elements ; 0 / 300 ( 0 % )                               ;
; Total PLLs                         ; 0 / 4 ( 0 % )                                 ;
+------------------------------------+-----------------------------------------------+


+-----------------------------------------+
; Flow Settings                           ;
+-------------------+---------------------+
; Option            ; Setting             ;
+-------------------+---------------------+
; Start date & time ; 09/18/2018 22:45:21 ;
; Main task         ; Compilation         ;
; Revision Name     ; blck                ;
+-------------------+---------------------+


+-----------------------------------------------------------------------------------------------------------------+
; Flow Non-Default Global Settings                                                                                ;
+-------------------------------------+--------------------------------+---------------+-------------+------------+
; Assignment Name                     ; Value                          ; Default Value ; Entity Name ; Section Id ;
+-------------------------------------+--------------------------------+---------------+-------------+------------+
; COMPILER_SIGNATURE_ID               ; 93328261261391.153728552102324 ; --            ; --          ; --         ;
; MAX_CORE_JUNCTION_TEMP              ; 85                             ; --            ; --          ; --         ;
; MIN_CORE_JUNCTION_TEMP              ; 0                              ; --            ; --          ; --         ;
; PARTITION_COLOR                     ; 16764057                       ; --            ; --          ; Top        ;
; PARTITION_FITTER_PRESERVATION_LEVEL ; PLACEMENT_AND_ROUTING          ; --            ; --          ; Top        ;
; PARTITION_NETLIST_TYPE              ; SOURCE                         ; --            ; --          ; Top        ;
+-------------------------------------+--------------------------------+---------------+-------------+------------+


+-------------------------------------------------------------------------------------------------------------------------------+
; Flow Elapsed Time                                                                                                             ;
+---------------------------+--------------+-------------------------+---------------------+------------------------------------+
; Module Name               ; Elapsed Time ; Average Processors Used ; Peak Virtual Memory ; Total CPU Time (on all processors) ;
+---------------------------+--------------+-------------------------+---------------------+------------------------------------+
; Analysis & Synthesis      ; 00:00:07     ; 1.0                     ; 367 MB              ; 00:00:04                           ;
; Fitter                    ; 00:01:04     ; 1.0                     ; 575 MB              ; 00:00:43                           ;
; TimeQuest Timing Analyzer ; 00:00:07     ; 1.0                     ; 325 MB              ; 00:00:03                           ;
; Assembler                 ; 00:00:21     ; 1.0                     ; 376 MB              ; 00:00:17                           ;
; Total                     ; 00:01:39     ; --                      ; --                  ; 00:01:07                           ;
+---------------------------+--------------+-------------------------+---------------------+------------------------------------+


+----------------------------------------------------------------------------------------+
; Flow OS Summary                                                                        ;
+---------------------------+------------------+-----------+------------+----------------+
; Module Name               ; Machine Hostname ; OS Name   ; OS Version ; Processor type ;
+---------------------------+------------------+-----------+------------+----------------+
; Analysis & Synthesis      ; KhueHM           ; Windows 7 ; 6.2        ; x86_64         ;
; Fitter                    ; KhueHM           ; Windows 7 ; 6.2        ; x86_64         ;
; TimeQuest Timing Analyzer ; KhueHM           ; Windows 7 ; 6.2        ; x86_64         ;
; Assembler                 ; KhueHM           ; Windows 7 ; 6.2        ; x86_64         ;
+---------------------------+------------------+-----------+------------+----------------+


------------
; Flow Log ;
------------
quartus_map --read_settings_files=on --write_settings_files=off blck -c blck
quartus_fit --read_settings_files=off --write_settings_files=off blck -c blck
quartus_sta blck -c blck
quartus_asm --read_settings_files=off --write_settings_files=off blck -c blck



