Flow report for cau03
Tue Sep 25 23:40:21 2018
Quartus II 32-bit Version 12.0 Build 263 08/02/2012 Service Pack 2 SJ Web Edition


---------------------
; Table of Contents ;
---------------------
  1. Legal Notice
  2. Flow Summary
  3. Flow Settings
  4. Flow Non-Default Global Settings
  5. Flow Elapsed Time
  6. Flow OS Summary
  7. Flow Log



----------------
; Legal Notice ;
----------------
Copyright (C) 1991-2012 Altera Corporation
Your use of Altera Corporation's design tools, logic functions 
and other software and tools, and its AMPP partner logic 
functions, and any output files from any of the foregoing 
(including device programming or simulation files), and any 
associated documentation or information are expressly subject 
to the terms and conditions of the Altera Program License 
Subscription Agreement, Altera MegaCore Function License 
Agreement, or other applicable license agreement, including, 
without limitation, that your use is for the sole purpose of 
programming logic devices manufactured by Altera and sold by 
Altera or its authorized distributors.  Please refer to the 
applicable agreement for further details.



+------------------------------------------------------------------------------------+
; Flow Summary                                                                       ;
+------------------------------------+-----------------------------------------------+
; Flow Status                        ; Successful - Tue Sep 25 23:40:21 2018         ;
; Quartus II 32-bit Version          ; 12.0 Build 263 08/02/2012 SP 2 SJ Web Edition ;
; Revision Name                      ; cau03                                         ;
; Top-level Entity Name              ; cau03                                         ;
; Family                             ; Cyclone II                                    ;
; Device                             ; EP2C70F672C6                                  ;
; Timing Models                      ; Final                                         ;
; Total logic elements               ; 5 / 68,416 ( < 1 % )                          ;
;     Total combinational functions  ; 5 / 68,416 ( < 1 % )                          ;
;     Dedicated logic registers      ; 0 / 68,416 ( 0 % )                            ;
; Total registers                    ; 0                                             ;
; Total pins                         ; 12 / 422 ( 3 % )                              ;
; Total virtual pins                 ; 0                                             ;
; Total memory bits                  ; 0 / 1,152,000 ( 0 % )                         ;
; Embedded Multiplier 9-bit elements ; 0 / 300 ( 0 % )                               ;
; Total PLLs                         ; 0 / 4 ( 0 % )                                 ;
+------------------------------------+-----------------------------------------------+


+-----------------------------------------+
; Flow Settings                           ;
+-------------------+---------------------+
; Option            ; Setting             ;
+-------------------+---------------------+
; Start date & time ; 09/25/2018 23:38:20 ;
; Main task         ; Compilation         ;
; Revision Name     ; cau03               ;
+-------------------+---------------------+


+-----------------------------------------------------------------------------------------------------------------+
; Flow Non-Default Global Settings                                                                                ;
+-------------------------------------+--------------------------------+---------------+-------------+------------+
; Assignment Name                     ; Value                          ; Default Value ; Entity Name ; Section Id ;
+-------------------------------------+--------------------------------+---------------+-------------+------------+
; COMPILER_SIGNATURE_ID               ; 93328261261391.153789349906344 ; --            ; --          ; --         ;
; MAX_CORE_JUNCTION_TEMP              ; 85                             ; --            ; --          ; --         ;
; MIN_CORE_JUNCTION_TEMP              ; 0                              ; --            ; --          ; --         ;
; PARTITION_COLOR                     ; 16764057                       ; --            ; --          ; Top        ;
; PARTITION_FITTER_PRESERVATION_LEVEL ; PLACEMENT_AND_ROUTING          ; --            ; --          ; Top        ;
; PARTITION_NETLIST_TYPE              ; SOURCE                         ; --            ; --          ; Top        ;
+-------------------------------------+--------------------------------+---------------+-------------+------------+


+-------------------------------------------------------------------------------------------------------------------------------+
; Flow Elapsed Time                                                                                                             ;
+---------------------------+--------------+-------------------------+---------------------+------------------------------------+
; Module Name               ; Elapsed Time ; Average Processors Used ; Peak Virtual Memory ; Total CPU Time (on all processors) ;
+---------------------------+--------------+-------------------------+---------------------+------------------------------------+
; Analysis & Synthesis      ; 00:00:13     ; 1.0                     ; 367 MB              ; 00:00:05                           ;
; Fitter                    ; 00:01:14     ; 1.0                     ; 560 MB              ; 00:00:56                           ;
; TimeQuest Timing Analyzer ; 00:00:08     ; 1.0                     ; 325 MB              ; 00:00:03                           ;
; Assembler                 ; 00:00:26     ; 1.0                     ; 368 MB              ; 00:00:22                           ;
; Total                     ; 00:02:01     ; --                      ; --                  ; 00:01:26                           ;
+---------------------------+--------------+-------------------------+---------------------+------------------------------------+


+----------------------------------------------------------------------------------------+
; Flow OS Summary                                                                        ;
+---------------------------+------------------+-----------+------------+----------------+
; Module Name               ; Machine Hostname ; OS Name   ; OS Version ; Processor type ;
+---------------------------+------------------+-----------+------------+----------------+
; Analysis & Synthesis      ; KhueHM           ; Windows 7 ; 6.2        ; x86_64         ;
; Fitter                    ; KhueHM           ; Windows 7 ; 6.2        ; x86_64         ;
; TimeQuest Timing Analyzer ; KhueHM           ; Windows 7 ; 6.2        ; x86_64         ;
; Assembler                 ; KhueHM           ; Windows 7 ; 6.2        ; x86_64         ;
+---------------------------+------------------+-----------+------------+----------------+


------------
; Flow Log ;
------------
quartus_map --read_settings_files=on --write_settings_files=off cau03 -c cau03
quartus_fit --read_settings_files=off --write_settings_files=off cau03 -c cau03
quartus_sta cau03 -c cau03
quartus_asm --read_settings_files=off --write_settings_files=off cau03 -c cau03



